2001:3fc6:20::/43
2001:41d0::/32
2001:67c:4e8::/48
2001:b28:f23c::/47
2001:b28:f23f::/48
2400:6180:100::/40
2400:6180:10::/48
2400:6180::/48
2400:6680:f000::/36
2400:7fc0:500::/40
2400:cb00::/32
2402:1f00::/32
2404:c2c0:500::/40
2405:8100::/32
2405:b500::/32
2409:8c00:2421:300::/56
2409:8c00:2421:400::/56
2600:9000:1000::/36
2600:9000:2000::/35
2600:9000:4000::/36
2600:9000:5200::/40
2600:9000:5308::/45
2600:9000:5310::/44
2600:9000:5320::/43
2600:9000:5340::/42
2600:9000:5380::/41
2600:9000:6000::/36
2600:9000:ddd::/48
2600:9000:eee::/48
2600:9000:f000::/38
2600:9000:f400::/40
2600:9000:f500::/43
2600:9000:f520::/44
2600:9000:f534::/46
2600:9000:f538::/45
2600:9000:f540::/42
2600:9000:f580::/41
2600:9000:f600::/39
2600:9000:f800::/37
2600:9000:fff::/48
2600:f0f0:5504::/46
2600:f0f0:601::/48
2600:f0f0:602::/47
2604:2dc0::/32
2604:a880:2::/48
2604:a880:400::/48
2604:a880:4::/46
2604:a880:51::/48
2604:a880:800::/48
2604:a880:8::/48
2604:a880::/47
2604:a880:cad::/48
2606:1f80:f000::/36
2606:4700::/32
2607:5300::/32
2620:0:1c00::/40
2620:10d:c090::/44
2803:f800::/32
2a01:4f8::/31
2a01:4ff:ff01::/48
2a03:2880::/32
2a03:2887:ff00::/48
2a03:2887:ff02::/47
2a03:2887:ff04::/46
2a03:2887:ff09::/48
2a03:2887:ff0a::/48
2a03:2887:ff1b::/48
2a03:2887:ff1e::/48
2a03:2887:ff20::/48
2a03:2887:ff22::/47
2a03:2887:ff27::/48
2a03:2887:ff28::/46
2a03:2887:ff2e::/47
2a03:2887:ff30::/48
2a03:2887:ff33::/48
2a03:2887:ff37::/48
2a03:2887:ff38::/46
2a03:2887:ff3e::/47
2a03:2887:ff40::/46
2a03:2887:ff44::/47
2a03:2887:ff48::/46
2a03:2887:ff4d::/48
2a03:2887:ff4e::/47
2a03:2887:ff50::/45
2a03:2887:ff58::/47
2a03:2887:ff5a::/48
2a03:2887:ff5f::/48
2a03:2887:ff60::/48
2a03:2887:ff62::/47
2a03:2887:ff64::/46
2a03:2887:ff68::/46
2a03:2887:ff6f::/48
2a03:2887:ff70::/46
2a03:b0c0::/46
2a03:b0c0:fffc::/48
2a03:b0c0:ffff::/48
2a04:9d40:f000::/36
2a06:98c0::/29
2a06:be80::/29
2a0a:f280::/32
2a12:2240::/29
2c0f:ef78:10::/47
2c0f:ef78:12::/48
2c0f:ef78:3::/48
2c0f:ef78:5::/48
2c0f:ef78:9::/48
2c0f:ef78:c::/47
2c0f:f248::/32
